INFO - 2023-11-22 22:43:49 --> Session: Class initialized using 'CodeIgniter\Session\Handlers\FileHandler' driver.
WARNING - 2023-11-22 22:43:49 --> [DEPRECATED] Creation of dynamic property App\Controllers\ControladorCliente::$session is deprecated in APPPATH\Controllers\ControladorCliente.php on line 145.
 1 SYSTEMPATH\CodeIgniter.php(891): App\Controllers\ControladorCliente->__construct()
 2 SYSTEMPATH\CodeIgniter.php(485): CodeIgniter\CodeIgniter->createController()
 3 SYSTEMPATH\CodeIgniter.php(353): CodeIgniter\CodeIgniter->handleRequest(null, Object(Config\Cache), false)
 4 FCPATH\index.php(79): CodeIgniter\CodeIgniter->run()
 5 SYSTEMPATH\Commands\Server\rewrite.php(47): require_once('C:\\Users\\gerar\\Documents\\GitHub\\ficzzeria\\backend\\public\\index.php')
WARNING - 2023-11-22 22:43:49 --> [DEPRECATED] Creation of dynamic property App\Controllers\ControladorCliente::$modeloCliente is deprecated in APPPATH\Controllers\ControladorCliente.php on line 146.
 1 SYSTEMPATH\CodeIgniter.php(891): App\Controllers\ControladorCliente->__construct()
 2 SYSTEMPATH\CodeIgniter.php(485): CodeIgniter\CodeIgniter->createController()
 3 SYSTEMPATH\CodeIgniter.php(353): CodeIgniter\CodeIgniter->handleRequest(null, Object(Config\Cache), false)
 4 FCPATH\index.php(79): CodeIgniter\CodeIgniter->run()
 5 SYSTEMPATH\Commands\Server\rewrite.php(47): require_once('C:\\Users\\gerar\\Documents\\GitHub\\ficzzeria\\backend\\public\\index.php')
ERROR - 2023-11-22 22:43:53 --> Error connecting to the database: mysqli_sql_exception: No connection could be made because the target machine actively refused it in C:\Users\gerar\Documents\GitHub\ficzzeria\backend\system\Database\MySQLi\Connection.php:184
Stack trace:
#0 C:\Users\gerar\Documents\GitHub\ficzzeria\backend\system\Database\MySQLi\Connection.php(184): mysqli->real_connect('localhost', 'root', Object(SensitiveParameterValue), 'ficzzeria', 3306, '', 0)
#1 C:\Users\gerar\Documents\GitHub\ficzzeria\backend\system\Database\BaseConnection.php(391): CodeIgniter\Database\MySQLi\Connection->connect(false)
#2 C:\Users\gerar\Documents\GitHub\ficzzeria\backend\system\Database\BaseConnection.php(574): CodeIgniter\Database\BaseConnection->initialize()
#3 C:\Users\gerar\Documents\GitHub\ficzzeria\backend\system\Database\BaseBuilder.php(1615): CodeIgniter\Database\BaseConnection->query('SELECT *\nFROM `...', Array, false)
#4 C:\Users\gerar\Documents\GitHub\ficzzeria\backend\system\Model.php(237): CodeIgniter\Database\BaseBuilder->get()
#5 C:\Users\gerar\Documents\GitHub\ficzzeria\backend\system\BaseModel.php(624): CodeIgniter\Model->doFindAll(0, 0)
#6 C:\Users\gerar\Documents\GitHub\ficzzeria\backend\app\Controllers\ControladorCliente.php(18): CodeIgniter\BaseModel->findAll()
#7 C:\Users\gerar\Documents\GitHub\ficzzeria\backend\system\CodeIgniter.php(919): App\Controllers\ControladorCliente->index()
#8 C:\Users\gerar\Documents\GitHub\ficzzeria\backend\system\CodeIgniter.php(494): CodeIgniter\CodeIgniter->runController(Object(App\Controllers\ControladorCliente))
#9 C:\Users\gerar\Documents\GitHub\ficzzeria\backend\system\CodeIgniter.php(353): CodeIgniter\CodeIgniter->handleRequest(NULL, Object(Config\Cache), false)
#10 C:\Users\gerar\Documents\GitHub\ficzzeria\backend\public\index.php(79): CodeIgniter\CodeIgniter->run()
#11 C:\Users\gerar\Documents\GitHub\ficzzeria\backend\system\Commands\Server\rewrite.php(47): require_once('C:\\Users\\gerar\\...')
#12 {main}

Next CodeIgniter\Database\Exceptions\DatabaseException: No connection could be made because the target machine actively refused it in C:\Users\gerar\Documents\GitHub\ficzzeria\backend\system\Database\MySQLi\Connection.php:229
Stack trace:
#0 C:\Users\gerar\Documents\GitHub\ficzzeria\backend\system\Database\BaseConnection.php(391): CodeIgniter\Database\MySQLi\Connection->connect(false)
#1 C:\Users\gerar\Documents\GitHub\ficzzeria\backend\system\Database\BaseConnection.php(574): CodeIgniter\Database\BaseConnection->initialize()
#2 C:\Users\gerar\Documents\GitHub\ficzzeria\backend\system\Database\BaseBuilder.php(1615): CodeIgniter\Database\BaseConnection->query('SELECT *\nFROM `...', Array, false)
#3 C:\Users\gerar\Documents\GitHub\ficzzeria\backend\system\Model.php(237): CodeIgniter\Database\BaseBuilder->get()
#4 C:\Users\gerar\Documents\GitHub\ficzzeria\backend\system\BaseModel.php(624): CodeIgniter\Model->doFindAll(0, 0)
#5 C:\Users\gerar\Documents\GitHub\ficzzeria\backend\app\Controllers\ControladorCliente.php(18): CodeIgniter\BaseModel->findAll()
#6 C:\Users\gerar\Documents\GitHub\ficzzeria\backend\system\CodeIgniter.php(919): App\Controllers\ControladorCliente->index()
#7 C:\Users\gerar\Documents\GitHub\ficzzeria\backend\system\CodeIgniter.php(494): CodeIgniter\CodeIgniter->runController(Object(App\Controllers\ControladorCliente))
#8 C:\Users\gerar\Documents\GitHub\ficzzeria\backend\system\CodeIgniter.php(353): CodeIgniter\CodeIgniter->handleRequest(NULL, Object(Config\Cache), false)
#9 C:\Users\gerar\Documents\GitHub\ficzzeria\backend\public\index.php(79): CodeIgniter\CodeIgniter->run()
#10 C:\Users\gerar\Documents\GitHub\ficzzeria\backend\system\Commands\Server\rewrite.php(47): require_once('C:\\Users\\gerar\\...')
#11 {main}
CRITICAL - 2023-11-22 22:43:53 --> Unable to connect to the database.
Main connection [MySQLi]: No connection could be made because the target machine actively refused it
in SYSTEMPATH\Database\BaseConnection.php on line 427.
 1 SYSTEMPATH\Database\BaseConnection.php(574): CodeIgniter\Database\BaseConnection->initialize()
 2 SYSTEMPATH\Database\BaseBuilder.php(1615): CodeIgniter\Database\BaseConnection->query('SELECT *
FROM `clientes`', [], false)
 3 SYSTEMPATH\Model.php(237): CodeIgniter\Database\BaseBuilder->get()
 4 SYSTEMPATH\BaseModel.php(624): CodeIgniter\Model->doFindAll(0, 0)
 5 APPPATH\Controllers\ControladorCliente.php(18): CodeIgniter\BaseModel->findAll()
 6 SYSTEMPATH\CodeIgniter.php(919): App\Controllers\ControladorCliente->index()
 7 SYSTEMPATH\CodeIgniter.php(494): CodeIgniter\CodeIgniter->runController(Object(App\Controllers\ControladorCliente))
 8 SYSTEMPATH\CodeIgniter.php(353): CodeIgniter\CodeIgniter->handleRequest(null, Object(Config\Cache), false)
 9 FCPATH\index.php(79): CodeIgniter\CodeIgniter->run()
10 SYSTEMPATH\Commands\Server\rewrite.php(47): require_once('C:\\Users\\gerar\\Documents\\GitHub\\ficzzeria\\backend\\public\\index.php')
INFO - 2023-11-22 22:44:46 --> Session: Class initialized using 'CodeIgniter\Session\Handlers\FileHandler' driver.
WARNING - 2023-11-22 22:44:46 --> [DEPRECATED] Creation of dynamic property App\Controllers\ControladorCliente::$session is deprecated in APPPATH\Controllers\ControladorCliente.php on line 145.
 1 SYSTEMPATH\CodeIgniter.php(891): App\Controllers\ControladorCliente->__construct()
 2 SYSTEMPATH\CodeIgniter.php(485): CodeIgniter\CodeIgniter->createController()
 3 SYSTEMPATH\CodeIgniter.php(353): CodeIgniter\CodeIgniter->handleRequest(null, Object(Config\Cache), false)
 4 FCPATH\index.php(79): CodeIgniter\CodeIgniter->run()
 5 SYSTEMPATH\Commands\Server\rewrite.php(47): require_once('C:\\Users\\gerar\\Documents\\GitHub\\ficzzeria\\backend\\public\\index.php')
WARNING - 2023-11-22 22:44:46 --> [DEPRECATED] Creation of dynamic property App\Controllers\ControladorCliente::$modeloCliente is deprecated in APPPATH\Controllers\ControladorCliente.php on line 146.
 1 SYSTEMPATH\CodeIgniter.php(891): App\Controllers\ControladorCliente->__construct()
 2 SYSTEMPATH\CodeIgniter.php(485): CodeIgniter\CodeIgniter->createController()
 3 SYSTEMPATH\CodeIgniter.php(353): CodeIgniter\CodeIgniter->handleRequest(null, Object(Config\Cache), false)
 4 FCPATH\index.php(79): CodeIgniter\CodeIgniter->run()
 5 SYSTEMPATH\Commands\Server\rewrite.php(47): require_once('C:\\Users\\gerar\\Documents\\GitHub\\ficzzeria\\backend\\public\\index.php')
INFO - 2023-11-22 23:02:53 --> Session: Class initialized using 'CodeIgniter\Session\Handlers\FileHandler' driver.
WARNING - 2023-11-22 23:02:53 --> [DEPRECATED] Creation of dynamic property App\Controllers\ControladorCliente::$session is deprecated in APPPATH\Controllers\ControladorCliente.php on line 145.
 1 SYSTEMPATH\CodeIgniter.php(891): App\Controllers\ControladorCliente->__construct()
 2 SYSTEMPATH\CodeIgniter.php(485): CodeIgniter\CodeIgniter->createController()
 3 SYSTEMPATH\CodeIgniter.php(353): CodeIgniter\CodeIgniter->handleRequest(null, Object(Config\Cache), false)
 4 FCPATH\index.php(79): CodeIgniter\CodeIgniter->run()
 5 SYSTEMPATH\Commands\Server\rewrite.php(47): require_once('C:\\Users\\gerar\\Documents\\GitHub\\ficzzeria\\backend\\public\\index.php')
WARNING - 2023-11-22 23:02:53 --> [DEPRECATED] Creation of dynamic property App\Controllers\ControladorCliente::$modeloCliente is deprecated in APPPATH\Controllers\ControladorCliente.php on line 146.
 1 SYSTEMPATH\CodeIgniter.php(891): App\Controllers\ControladorCliente->__construct()
 2 SYSTEMPATH\CodeIgniter.php(485): CodeIgniter\CodeIgniter->createController()
 3 SYSTEMPATH\CodeIgniter.php(353): CodeIgniter\CodeIgniter->handleRequest(null, Object(Config\Cache), false)
 4 FCPATH\index.php(79): CodeIgniter\CodeIgniter->run()
 5 SYSTEMPATH\Commands\Server\rewrite.php(47): require_once('C:\\Users\\gerar\\Documents\\GitHub\\ficzzeria\\backend\\public\\index.php')
INFO - 2023-11-22 23:03:05 --> Session: Class initialized using 'CodeIgniter\Session\Handlers\FileHandler' driver.
WARNING - 2023-11-22 23:03:05 --> [DEPRECATED] Creation of dynamic property App\Controllers\ControladorCliente::$session is deprecated in APPPATH\Controllers\ControladorCliente.php on line 145.
 1 SYSTEMPATH\CodeIgniter.php(891): App\Controllers\ControladorCliente->__construct()
 2 SYSTEMPATH\CodeIgniter.php(485): CodeIgniter\CodeIgniter->createController()
 3 SYSTEMPATH\CodeIgniter.php(353): CodeIgniter\CodeIgniter->handleRequest(null, Object(Config\Cache), false)
 4 FCPATH\index.php(79): CodeIgniter\CodeIgniter->run()
 5 SYSTEMPATH\Commands\Server\rewrite.php(47): require_once('C:\\Users\\gerar\\Documents\\GitHub\\ficzzeria\\backend\\public\\index.php')
WARNING - 2023-11-22 23:03:05 --> [DEPRECATED] Creation of dynamic property App\Controllers\ControladorCliente::$modeloCliente is deprecated in APPPATH\Controllers\ControladorCliente.php on line 146.
 1 SYSTEMPATH\CodeIgniter.php(891): App\Controllers\ControladorCliente->__construct()
 2 SYSTEMPATH\CodeIgniter.php(485): CodeIgniter\CodeIgniter->createController()
 3 SYSTEMPATH\CodeIgniter.php(353): CodeIgniter\CodeIgniter->handleRequest(null, Object(Config\Cache), false)
 4 FCPATH\index.php(79): CodeIgniter\CodeIgniter->run()
 5 SYSTEMPATH\Commands\Server\rewrite.php(47): require_once('C:\\Users\\gerar\\Documents\\GitHub\\ficzzeria\\backend\\public\\index.php')
INFO - 2023-11-22 23:04:37 --> Session: Class initialized using 'CodeIgniter\Session\Handlers\FileHandler' driver.
WARNING - 2023-11-22 23:04:37 --> [DEPRECATED] Creation of dynamic property App\Controllers\ControladorCliente::$session is deprecated in APPPATH\Controllers\ControladorCliente.php on line 145.
 1 SYSTEMPATH\CodeIgniter.php(891): App\Controllers\ControladorCliente->__construct()
 2 SYSTEMPATH\CodeIgniter.php(485): CodeIgniter\CodeIgniter->createController()
 3 SYSTEMPATH\CodeIgniter.php(353): CodeIgniter\CodeIgniter->handleRequest(null, Object(Config\Cache), false)
 4 FCPATH\index.php(79): CodeIgniter\CodeIgniter->run()
 5 SYSTEMPATH\Commands\Server\rewrite.php(47): require_once('C:\\Users\\gerar\\Documents\\GitHub\\ficzzeria\\backend\\public\\index.php')
WARNING - 2023-11-22 23:04:37 --> [DEPRECATED] Creation of dynamic property App\Controllers\ControladorCliente::$modeloCliente is deprecated in APPPATH\Controllers\ControladorCliente.php on line 146.
 1 SYSTEMPATH\CodeIgniter.php(891): App\Controllers\ControladorCliente->__construct()
 2 SYSTEMPATH\CodeIgniter.php(485): CodeIgniter\CodeIgniter->createController()
 3 SYSTEMPATH\CodeIgniter.php(353): CodeIgniter\CodeIgniter->handleRequest(null, Object(Config\Cache), false)
 4 FCPATH\index.php(79): CodeIgniter\CodeIgniter->run()
 5 SYSTEMPATH\Commands\Server\rewrite.php(47): require_once('C:\\Users\\gerar\\Documents\\GitHub\\ficzzeria\\backend\\public\\index.php')
INFO - 2023-11-22 23:04:38 --> Session: Class initialized using 'CodeIgniter\Session\Handlers\FileHandler' driver.
WARNING - 2023-11-22 23:04:38 --> [DEPRECATED] Creation of dynamic property App\Controllers\ControladorCliente::$session is deprecated in APPPATH\Controllers\ControladorCliente.php on line 145.
 1 SYSTEMPATH\CodeIgniter.php(891): App\Controllers\ControladorCliente->__construct()
 2 SYSTEMPATH\CodeIgniter.php(485): CodeIgniter\CodeIgniter->createController()
 3 SYSTEMPATH\CodeIgniter.php(353): CodeIgniter\CodeIgniter->handleRequest(null, Object(Config\Cache), false)
 4 FCPATH\index.php(79): CodeIgniter\CodeIgniter->run()
 5 SYSTEMPATH\Commands\Server\rewrite.php(47): require_once('C:\\Users\\gerar\\Documents\\GitHub\\ficzzeria\\backend\\public\\index.php')
WARNING - 2023-11-22 23:04:38 --> [DEPRECATED] Creation of dynamic property App\Controllers\ControladorCliente::$modeloCliente is deprecated in APPPATH\Controllers\ControladorCliente.php on line 146.
 1 SYSTEMPATH\CodeIgniter.php(891): App\Controllers\ControladorCliente->__construct()
 2 SYSTEMPATH\CodeIgniter.php(485): CodeIgniter\CodeIgniter->createController()
 3 SYSTEMPATH\CodeIgniter.php(353): CodeIgniter\CodeIgniter->handleRequest(null, Object(Config\Cache), false)
 4 FCPATH\index.php(79): CodeIgniter\CodeIgniter->run()
 5 SYSTEMPATH\Commands\Server\rewrite.php(47): require_once('C:\\Users\\gerar\\Documents\\GitHub\\ficzzeria\\backend\\public\\index.php')
INFO - 2023-11-22 23:06:00 --> Session: Class initialized using 'CodeIgniter\Session\Handlers\FileHandler' driver.
WARNING - 2023-11-22 23:06:00 --> [DEPRECATED] Creation of dynamic property App\Controllers\ControladorCliente::$session is deprecated in APPPATH\Controllers\ControladorCliente.php on line 145.
 1 SYSTEMPATH\CodeIgniter.php(891): App\Controllers\ControladorCliente->__construct()
 2 SYSTEMPATH\CodeIgniter.php(485): CodeIgniter\CodeIgniter->createController()
 3 SYSTEMPATH\CodeIgniter.php(353): CodeIgniter\CodeIgniter->handleRequest(null, Object(Config\Cache), false)
 4 FCPATH\index.php(79): CodeIgniter\CodeIgniter->run()
 5 SYSTEMPATH\Commands\Server\rewrite.php(47): require_once('C:\\Users\\gerar\\Documents\\GitHub\\ficzzeria\\backend\\public\\index.php')
WARNING - 2023-11-22 23:06:00 --> [DEPRECATED] Creation of dynamic property App\Controllers\ControladorCliente::$modeloCliente is deprecated in APPPATH\Controllers\ControladorCliente.php on line 146.
 1 SYSTEMPATH\CodeIgniter.php(891): App\Controllers\ControladorCliente->__construct()
 2 SYSTEMPATH\CodeIgniter.php(485): CodeIgniter\CodeIgniter->createController()
 3 SYSTEMPATH\CodeIgniter.php(353): CodeIgniter\CodeIgniter->handleRequest(null, Object(Config\Cache), false)
 4 FCPATH\index.php(79): CodeIgniter\CodeIgniter->run()
 5 SYSTEMPATH\Commands\Server\rewrite.php(47): require_once('C:\\Users\\gerar\\Documents\\GitHub\\ficzzeria\\backend\\public\\index.php')
INFO - 2023-11-22 23:06:01 --> Session: Class initialized using 'CodeIgniter\Session\Handlers\FileHandler' driver.
WARNING - 2023-11-22 23:06:01 --> [DEPRECATED] Creation of dynamic property App\Controllers\ControladorCliente::$session is deprecated in APPPATH\Controllers\ControladorCliente.php on line 145.
 1 SYSTEMPATH\CodeIgniter.php(891): App\Controllers\ControladorCliente->__construct()
 2 SYSTEMPATH\CodeIgniter.php(485): CodeIgniter\CodeIgniter->createController()
 3 SYSTEMPATH\CodeIgniter.php(353): CodeIgniter\CodeIgniter->handleRequest(null, Object(Config\Cache), false)
 4 FCPATH\index.php(79): CodeIgniter\CodeIgniter->run()
 5 SYSTEMPATH\Commands\Server\rewrite.php(47): require_once('C:\\Users\\gerar\\Documents\\GitHub\\ficzzeria\\backend\\public\\index.php')
WARNING - 2023-11-22 23:06:01 --> [DEPRECATED] Creation of dynamic property App\Controllers\ControladorCliente::$modeloCliente is deprecated in APPPATH\Controllers\ControladorCliente.php on line 146.
 1 SYSTEMPATH\CodeIgniter.php(891): App\Controllers\ControladorCliente->__construct()
 2 SYSTEMPATH\CodeIgniter.php(485): CodeIgniter\CodeIgniter->createController()
 3 SYSTEMPATH\CodeIgniter.php(353): CodeIgniter\CodeIgniter->handleRequest(null, Object(Config\Cache), false)
 4 FCPATH\index.php(79): CodeIgniter\CodeIgniter->run()
 5 SYSTEMPATH\Commands\Server\rewrite.php(47): require_once('C:\\Users\\gerar\\Documents\\GitHub\\ficzzeria\\backend\\public\\index.php')
INFO - 2023-11-22 23:10:15 --> Session: Class initialized using 'CodeIgniter\Session\Handlers\FileHandler' driver.
WARNING - 2023-11-22 23:10:15 --> [DEPRECATED] Creation of dynamic property App\Controllers\ControladorCliente::$session is deprecated in APPPATH\Controllers\ControladorCliente.php on line 145.
 1 SYSTEMPATH\CodeIgniter.php(891): App\Controllers\ControladorCliente->__construct()
 2 SYSTEMPATH\CodeIgniter.php(485): CodeIgniter\CodeIgniter->createController()
 3 SYSTEMPATH\CodeIgniter.php(353): CodeIgniter\CodeIgniter->handleRequest(null, Object(Config\Cache), false)
 4 FCPATH\index.php(79): CodeIgniter\CodeIgniter->run()
 5 SYSTEMPATH\Commands\Server\rewrite.php(47): require_once('C:\\Users\\gerar\\Documents\\GitHub\\ficzzeria\\backend\\public\\index.php')
WARNING - 2023-11-22 23:10:15 --> [DEPRECATED] Creation of dynamic property App\Controllers\ControladorCliente::$modeloCliente is deprecated in APPPATH\Controllers\ControladorCliente.php on line 146.
 1 SYSTEMPATH\CodeIgniter.php(891): App\Controllers\ControladorCliente->__construct()
 2 SYSTEMPATH\CodeIgniter.php(485): CodeIgniter\CodeIgniter->createController()
 3 SYSTEMPATH\CodeIgniter.php(353): CodeIgniter\CodeIgniter->handleRequest(null, Object(Config\Cache), false)
 4 FCPATH\index.php(79): CodeIgniter\CodeIgniter->run()
 5 SYSTEMPATH\Commands\Server\rewrite.php(47): require_once('C:\\Users\\gerar\\Documents\\GitHub\\ficzzeria\\backend\\public\\index.php')
