CRITICAL - 2023-10-19 08:36:40 --> syntax error, unexpected token "}", expecting ";"
in APPPATH\Controllers\ControladorCliente.php on line 73.
 1 SYSTEMPATH\Autoloader\Autoloader.php(285): CodeIgniter\Autoloader\Autoloader->includeFile('E:\\gerar\\Desktop 2\\proyecto\\api_ficzzeria\\app\\Controllers\\ControladorCliente.php')
 2 SYSTEMPATH\Autoloader\Autoloader.php(263): CodeIgniter\Autoloader\Autoloader->loadInNamespace('App\\Controllers\\ControladorCliente')
 3 [internal function]: CodeIgniter\Autoloader\Autoloader->loadClass('App\\Controllers\\ControladorCliente')
 4 SYSTEMPATH\CodeIgniter.php(877): class_exists('\\App\\Controllers\\ControladorCliente', true)
 5 SYSTEMPATH\CodeIgniter.php(481): CodeIgniter\CodeIgniter->startController()
 6 SYSTEMPATH\CodeIgniter.php(353): CodeIgniter\CodeIgniter->handleRequest(null, Object(Config\Cache), false)
 7 FCPATH\index.php(79): CodeIgniter\CodeIgniter->run()
 8 SYSTEMPATH\Commands\Server\rewrite.php(47): require_once('E:\\gerar\\Desktop 2\\proyecto\\api_ficzzeria\\public\\index.php')
CRITICAL - 2023-10-19 08:36:58 --> syntax error, unexpected token "}", expecting ";"
in APPPATH\Controllers\ControladorCliente.php on line 73.
 1 SYSTEMPATH\Autoloader\Autoloader.php(285): CodeIgniter\Autoloader\Autoloader->includeFile('E:\\gerar\\Desktop 2\\proyecto\\api_ficzzeria\\app\\Controllers\\ControladorCliente.php')
 2 SYSTEMPATH\Autoloader\Autoloader.php(263): CodeIgniter\Autoloader\Autoloader->loadInNamespace('App\\Controllers\\ControladorCliente')
 3 [internal function]: CodeIgniter\Autoloader\Autoloader->loadClass('App\\Controllers\\ControladorCliente')
 4 SYSTEMPATH\CodeIgniter.php(877): class_exists('\\App\\Controllers\\ControladorCliente', true)
 5 SYSTEMPATH\CodeIgniter.php(481): CodeIgniter\CodeIgniter->startController()
 6 SYSTEMPATH\CodeIgniter.php(353): CodeIgniter\CodeIgniter->handleRequest(null, Object(Config\Cache), false)
 7 FCPATH\index.php(79): CodeIgniter\CodeIgniter->run()
 8 SYSTEMPATH\Commands\Server\rewrite.php(47): require_once('E:\\gerar\\Desktop 2\\proyecto\\api_ficzzeria\\public\\index.php')
